<?xml version="1.0" encoding="UTF-8"?>
<!-- Generated by org.testng.reporters.JUnitXMLReporter -->
<testsuite ignored="5" hostname="DESKTOP-UOSJI6I" failures="0" tests="1" name="Default test" time="64.382" errors="0" timestamp="2022-05-14T13:03:07 IST">
  <testcase classname="com.testcases.LoginTest" name="authenticationTest" time="21.61"/>
  <testcase classname="com.testcases.LoginTest" name="passwordStrengthTest" time="0.0">
    <ignored/>
  </testcase> <!-- passwordStrengthTest -->
  <testcase classname="com.testcases.LoginTest" name="registrationDetailsTest" time="0.0">
    <ignored/>
  </testcase> <!-- registrationDetailsTest -->
  <testcase classname="com.testcases.LoginTest" name="insertOnlyValidPassword" time="0.0">
    <ignored/>
  </testcase> <!-- insertOnlyValidPassword -->
  <testcase classname="com.testcases.LoginTest" name="maskingPasswordTest" time="0.0">
    <ignored/>
  </testcase> <!-- maskingPasswordTest -->
  <testcase classname="com.testcases.LoginTest" name="loginWithCredentials" time="0.0">
    <ignored/>
  </testcase> <!-- loginWithCredentials -->
</testsuite> <!-- Default test -->
