<?xml version="1.0" encoding="UTF-8"?>
<!-- Generated by org.testng.reporters.JUnitXMLReporter -->
<testsuite ignored="0" hostname="DESKTOP-UOSJI6I" failures="2" tests="5" name="Test" time="180.565" errors="0" timestamp="2022-06-30T12:33:07 IST">
  <testcase classname="com.testcases.HomePageTest" name="addToBasketWithErrorTest" time="13.092">
    <failure type="java.lang.AssertionError" message="Test case is failed expected [true] but found [false]">
      <![CDATA[java.lang.AssertionError: Test case is failed expected [true] but found [false]
at com.testcases.HomePageTest.addToBasketWithErrorTest(HomePageTest.java:64)
at java.base/java.util.ArrayList.forEach(ArrayList.java:1541)
... Removed 32 stack frames]]>
    </failure>
  </testcase> <!-- addToBasketWithErrorTest -->
  <testcase classname="com.testcases.HomePageTest" name="arrivalsIsDisplayedTest" time="14.172"/>
  <testcase classname="com.testcases.HomePageTest" name="descriptionValidationTest" time="36.312"/>
  <testcase classname="com.testcases.HomePageTest" name="imagesIsDisplayedTest" time="14.957"/>
  <testcase classname="com.testcases.HomePageTest" name="navigateBackAndForthTest" time="31.853">
    <failure type="java.lang.AssertionError" message="Testcase is failed expected [All books have been added and navigated back successfully] but found [Few books are out of books]">
      <![CDATA[java.lang.AssertionError: Testcase is failed expected [All books have been added and navigated back successfully] but found [Few books are out of books]
at com.testcases.HomePageTest.navigateBackAndForthTest(HomePageTest.java:48)
at java.base/java.util.ArrayList.forEach(ArrayList.java:1541)
... Removed 32 stack frames]]>
    </failure>
  </testcase> <!-- navigateBackAndForthTest -->
</testsuite> <!-- Test -->
