<?xml version="1.0" encoding="UTF-8"?>
<testng-results ignored="5" total="6" passed="1" failed="0" skipped="0">
  <reporter-output>
  </reporter-output>
  <suite started-at="2022-05-14T13:02:02 IST" name="Default suite" finished-at="2022-05-14T13:03:06 IST" duration-ms="64382">
    <groups>
    </groups>
    <test started-at="2022-05-14T13:02:02 IST" name="Default test" finished-at="2022-05-14T13:03:06 IST" duration-ms="64382">
      <class name="com.testcases.LoginTest">
        <test-method is-config="true" signature="setup()[pri:0, instance:com.testcases.LoginTest@4d5b6aac]" started-at="2022-05-14T13:02:02 IST" name="setup" finished-at="2022-05-14T13:02:44 IST" duration-ms="42346" status="PASS">
          <reporter-output>
          </reporter-output>
        </test-method> <!-- setup -->
        <test-method signature="authenticationTest()[pri:0, instance:com.testcases.LoginTest@4d5b6aac]" started-at="2022-05-14T13:02:44 IST" name="authenticationTest" finished-at="2022-05-14T13:03:06 IST" duration-ms="21610" status="PASS">
          <reporter-output>
          </reporter-output>
        </test-method> <!-- authenticationTest -->
        <test-method is-config="true" signature="closeSetup()[pri:0, instance:com.testcases.LoginTest@4d5b6aac]" started-at="2022-05-14T13:03:06 IST" name="closeSetup" finished-at="2022-05-14T13:03:06 IST" duration-ms="377" status="PASS">
          <reporter-output>
          </reporter-output>
        </test-method> <!-- closeSetup -->
      </class> <!-- com.testcases.LoginTest -->
    </test> <!-- Default test -->
  </suite> <!-- Default suite -->
</testng-results>
